[05-Oct-2024 01:55:58 UTC] PHP Parse error:  syntax error, unexpected token "echo", expecting "(" in C:\Users\Nathan\Local Sites\clic\app\public\wp-content\plugins\advanced-custom-fields-pro\includes\api\api-template.php on line 868
[05-Oct-2024 01:56:03 UTC] PHP Parse error:  syntax error, unexpected token "echo", expecting "(" in C:\Users\Nathan\Local Sites\clic\app\public\wp-content\plugins\advanced-custom-fields-pro\includes\api\api-template.php on line 868
[05-Oct-2024 01:56:08 UTC] PHP Parse error:  syntax error, unexpected token "echo", expecting "(" in C:\Users\Nathan\Local Sites\clic\app\public\wp-content\plugins\advanced-custom-fields-pro\includes\api\api-template.php on line 868
[05-Oct-2024 01:56:13 UTC] PHP Parse error:  syntax error, unexpected token "echo", expecting "(" in C:\Users\Nathan\Local Sites\clic\app\public\wp-content\plugins\advanced-custom-fields-pro\includes\api\api-template.php on line 868
[05-Oct-2024 01:56:20 UTC] PHP Parse error:  syntax error, unexpected token "echo", expecting "(" in C:\Users\Nathan\Local Sites\clic\app\public\wp-content\plugins\advanced-custom-fields-pro\includes\api\api-template.php on line 868
[05-Oct-2024 01:59:13 UTC] PHP Parse error:  syntax error, unexpected token "echo", expecting "(" in C:\Users\Nathan\Local Sites\clic\app\public\wp-content\plugins\advanced-custom-fields-pro\includes\api\api-template.php on line 868
[05-Oct-2024 01:59:16 UTC] PHP Parse error:  syntax error, unexpected token "echo", expecting "(" in C:\Users\Nathan\Local Sites\clic\app\public\wp-content\plugins\advanced-custom-fields-pro\includes\api\api-template.php on line 868
[24-Oct-2024 00:30:46 UTC] PHP Fatal error:  Uncaught Error: Call to undefined function descricao() in C:\Users\Nathan\Local Sites\clic\app\public\wp-content\themes\clic\single-unidades.php:14
Stack trace:
#0 C:\Users\Nathan\Local Sites\clic\app\public\wp-includes\template-loader.php(106): include()
#1 C:\Users\Nathan\Local Sites\clic\app\public\wp-blog-header.php(19): require_once('C:\\Users\\Nathan...')
#2 C:\Users\Nathan\Local Sites\clic\app\public\index.php(17): require('C:\\Users\\Nathan...')
#3 {main}
  thrown in C:\Users\Nathan\Local Sites\clic\app\public\wp-content\themes\clic\single-unidades.php on line 14
[24-Oct-2024 01:37:35 UTC] PHP Fatal error:  Uncaught TypeError: Cannot access offset of type string on string in C:\Users\Nathan\Local Sites\clic\app\public\wp-content\themes\clic\single-unidades.php:48
Stack trace:
#0 C:\Users\Nathan\Local Sites\clic\app\public\wp-includes\template-loader.php(106): include()
#1 C:\Users\Nathan\Local Sites\clic\app\public\wp-blog-header.php(19): require_once('C:\\Users\\Nathan...')
#2 C:\Users\Nathan\Local Sites\clic\app\public\index.php(17): require('C:\\Users\\Nathan...')
#3 {main}
  thrown in C:\Users\Nathan\Local Sites\clic\app\public\wp-content\themes\clic\single-unidades.php on line 48
[24-Oct-2024 01:39:46 UTC] PHP Fatal error:  Uncaught TypeError: Cannot access offset of type string on string in C:\Users\Nathan\Local Sites\clic\app\public\wp-content\themes\clic\single-unidades.php:48
Stack trace:
#0 C:\Users\Nathan\Local Sites\clic\app\public\wp-includes\template-loader.php(106): include()
#1 C:\Users\Nathan\Local Sites\clic\app\public\wp-blog-header.php(19): require_once('C:\\Users\\Nathan...')
#2 C:\Users\Nathan\Local Sites\clic\app\public\index.php(17): require('C:\\Users\\Nathan...')
#3 {main}
  thrown in C:\Users\Nathan\Local Sites\clic\app\public\wp-content\themes\clic\single-unidades.php on line 48
[24-Oct-2024 01:43:40 UTC] PHP Fatal error:  Uncaught TypeError: Cannot access offset of type string on string in C:\Users\Nathan\Local Sites\clic\app\public\wp-content\themes\clic\single-unidades.php:48
Stack trace:
#0 C:\Users\Nathan\Local Sites\clic\app\public\wp-includes\template-loader.php(106): include()
#1 C:\Users\Nathan\Local Sites\clic\app\public\wp-blog-header.php(19): require_once('C:\\Users\\Nathan...')
#2 C:\Users\Nathan\Local Sites\clic\app\public\index.php(17): require('C:\\Users\\Nathan...')
#3 {main}
  thrown in C:\Users\Nathan\Local Sites\clic\app\public\wp-content\themes\clic\single-unidades.php on line 48
[24-Oct-2024 02:38:13 UTC] PHP Parse error:  syntax error, unexpected token "endif", expecting end of file in C:\Users\Nathan\Local Sites\clic\app\public\wp-content\themes\clic\single-unidades.php on line 17
[23-Nov-2024 00:19:18 UTC] PHP Parse error:  syntax error, unexpected identifier "version" in C:\Users\Nathan\Local Sites\clic\app\public\wp-content\themes\clic\header.php on line 51
[23-Nov-2024 00:19:20 UTC] PHP Parse error:  syntax error, unexpected identifier "version" in C:\Users\Nathan\Local Sites\clic\app\public\wp-content\themes\clic\header.php on line 51
[14-Feb-2025 18:06:18 UTC] PHP Fatal error:  Uncaught TypeError: Cannot access offset of type string on string in C:\Users\Nathan\Local Sites\clic\app\public\wp-content\themes\clic\page-unidades.php:40
Stack trace:
#0 C:\Users\Nathan\Local Sites\clic\app\public\wp-includes\template-loader.php(106): include()
#1 C:\Users\Nathan\Local Sites\clic\app\public\wp-blog-header.php(19): require_once('C:\\Users\\Nathan...')
#2 C:\Users\Nathan\Local Sites\clic\app\public\index.php(17): require('C:\\Users\\Nathan...')
#3 {main}
  thrown in C:\Users\Nathan\Local Sites\clic\app\public\wp-content\themes\clic\page-unidades.php on line 40
[14-Feb-2025 18:06:24 UTC] PHP Fatal error:  Uncaught TypeError: Cannot access offset of type string on string in C:\Users\Nathan\Local Sites\clic\app\public\wp-content\themes\clic\page-unidades.php:40
Stack trace:
#0 C:\Users\Nathan\Local Sites\clic\app\public\wp-includes\template-loader.php(106): include()
#1 C:\Users\Nathan\Local Sites\clic\app\public\wp-blog-header.php(19): require_once('C:\\Users\\Nathan...')
#2 C:\Users\Nathan\Local Sites\clic\app\public\index.php(17): require('C:\\Users\\Nathan...')
#3 {main}
  thrown in C:\Users\Nathan\Local Sites\clic\app\public\wp-content\themes\clic\page-unidades.php on line 40
[14-Feb-2025 18:06:39 UTC] PHP Fatal error:  Uncaught TypeError: Cannot access offset of type string on string in C:\Users\Nathan\Local Sites\clic\app\public\wp-content\themes\clic\page-unidades.php:40
Stack trace:
#0 C:\Users\Nathan\Local Sites\clic\app\public\wp-includes\template-loader.php(106): include()
#1 C:\Users\Nathan\Local Sites\clic\app\public\wp-blog-header.php(19): require_once('C:\\Users\\Nathan...')
#2 C:\Users\Nathan\Local Sites\clic\app\public\index.php(17): require('C:\\Users\\Nathan...')
#3 {main}
  thrown in C:\Users\Nathan\Local Sites\clic\app\public\wp-content\themes\clic\page-unidades.php on line 40
[14-Feb-2025 18:07:23 UTC] PHP Parse error:  syntax error, unexpected token "endif" in C:\Users\Nathan\Local Sites\clic\app\public\wp-content\themes\clic\page-unidades.php on line 40
[14-Feb-2025 18:13:14 UTC] PHP Fatal error:  Uncaught TypeError: Cannot access offset of type string on string in C:\Users\Nathan\Local Sites\clic\app\public\wp-content\themes\clic\page-unidades.php:41
Stack trace:
#0 C:\Users\Nathan\Local Sites\clic\app\public\wp-includes\template-loader.php(106): include()
#1 C:\Users\Nathan\Local Sites\clic\app\public\wp-blog-header.php(19): require_once('C:\\Users\\Nathan...')
#2 C:\Users\Nathan\Local Sites\clic\app\public\index.php(17): require('C:\\Users\\Nathan...')
#3 {main}
  thrown in C:\Users\Nathan\Local Sites\clic\app\public\wp-content\themes\clic\page-unidades.php on line 41
